<?xml version="1.0" encoding="UTF-8"?>
<!-- Generated by org.testng.reporters.JUnitReportReporter -->
<testsuite skipped="0" hostname="EknathDhauskar" name="com.crm.qa.testcases.MessagesPageTest" tests="3" failures="0" timestamp="02 Apr 2019 11:59:28 GMT" time="71.168" errors="0">
  <testcase name="verifyMessageBoardLabelTest" time="20.156" classname="com.crm.qa.testcases.MessagesPageTest"/>
  <testcase name="validateCreateNewMessage" time="28.981" classname="com.crm.qa.testcases.MessagesPageTest"/>
  <testcase name="validateCreateNewMessage" time="22.031" classname="com.crm.qa.testcases.MessagesPageTest"/>
</testsuite> <!-- com.crm.qa.testcases.MessagesPageTest -->
