<?xml version="1.0" encoding="UTF-8"?>
<!-- Generated by org.testng.reporters.JUnitReportReporter -->
<testsuite skipped="0" hostname="EknathDhauskar" name="com.crm.qa.testcases.WordMergeTemplatePageTest" tests="2" failures="0" timestamp="27 Mar 2019 12:56:41 GMT" time="57.505" errors="0">
  <testcase name="validateCreateNewWordMergeTemplate" time="29.217" classname="com.crm.qa.testcases.WordMergeTemplatePageTest"/>
  <testcase name="validateCreateNewWordMergeTemplate" time="28.288" classname="com.crm.qa.testcases.WordMergeTemplatePageTest"/>
</testsuite> <!-- com.crm.qa.testcases.WordMergeTemplatePageTest -->
