<?xml version="1.0" encoding="UTF-8"?>
<!-- Generated by org.testng.reporters.JUnitReportReporter -->
<testsuite skipped="0" hostname="EknathDhauskar" name="com.crm.qa.testcases.MultiDocUploadPageTest" tests="2" failures="0" timestamp="26 Mar 2019 13:23:17 GMT" time="127.787" errors="0">
  <testcase name="validateUploadMultipleFiles" time="56.662" classname="com.crm.qa.testcases.MultiDocUploadPageTest"/>
  <testcase name="validateUploadMultipleFiles" time="71.125" classname="com.crm.qa.testcases.MultiDocUploadPageTest"/>
</testsuite> <!-- com.crm.qa.testcases.MultiDocUploadPageTest -->
