<?xml version="1.0" encoding="UTF-8"?>
<!-- Generated by org.testng.reporters.JUnitReportReporter -->
<<<<<<< HEAD
<testsuite skipped="0" hostname="EknathDhauskar" name="com.crm.qa.testcases.LoginPageTest" tests="3" failures="0" timestamp="16 Feb 2019 11:41:05 GMT" time="32.843" errors="0">
  <testcase name="loginPageTitleTest" time="8.628" classname="com.crm.qa.testcases.LoginPageTest"/>
  <testcase name="crmLogoImageTest" time="10.372" classname="com.crm.qa.testcases.LoginPageTest"/>
  <testcase name="loginTest" time="13.843" classname="com.crm.qa.testcases.LoginPageTest"/>
=======
<testsuite skipped="0" hostname="EknathDhauskar" name="com.crm.qa.testcases.LoginPageTest" tests="1" failures="0" timestamp="16 Feb 2019 08:14:43 GMT" time="35.137" errors="0">
  <testcase name="loginTest" time="35.137" classname="com.crm.qa.testcases.LoginPageTest"/>
>>>>>>> 32384e1eb98e4595a7a418b5e370d884034378d8
</testsuite> <!-- com.crm.qa.testcases.LoginPageTest -->
