<?xml version="1.0" encoding="UTF-8"?>
<!-- Generated by org.testng.reporters.JUnitReportReporter -->
<testsuite skipped="0" hostname="EknathDhauskar" name="com.crm.qa.testcases.LoginPageTest" tests="3" failures="0" timestamp="23 Feb 2019 12:32:14 GMT" time="51.250" errors="0">
  <testcase name="loginPageTitleTest" time="15.239" classname="com.crm.qa.testcases.LoginPageTest"/>
  <testcase name="crmLogoImageTest" time="10.376" classname="com.crm.qa.testcases.LoginPageTest"/>
  <testcase name="loginTest" time="25.635" classname="com.crm.qa.testcases.LoginPageTest"/>
</testsuite> <!-- com.crm.qa.testcases.LoginPageTest -->
