<?xml version="1.0" encoding="UTF-8"?>
<!-- Generated by org.testng.reporters.JUnitReportReporter -->
<testsuite skipped="0" hostname="EknathDhauskar" name="com.crm.qa.testcases.CompaniesPageTest" tests="1" failures="0" timestamp="27 Mar 2019 12:56:41 GMT" time="18.583" errors="0">
  <testcase name="verifyCompaniesPageLabel" time="18.583" classname="com.crm.qa.testcases.CompaniesPageTest"/>
</testsuite> <!-- com.crm.qa.testcases.CompaniesPageTest -->
