<?xml version="1.0" encoding="UTF-8"?>
<!-- Generated by org.testng.reporters.JUnitReportReporter -->
<testsuite skipped="0" hostname="EknathDhauskar" name="com.crm.qa.testcases.LoginPageTest" tests="1" failures="0" timestamp="16 Feb 2019 08:14:43 GMT" time="35.137" errors="0">
  <testcase name="loginTest" time="35.137" classname="com.crm.qa.testcases.LoginPageTest"/>
</testsuite> <!-- com.crm.qa.testcases.LoginPageTest -->
