<?xml version="1.0" encoding="UTF-8"?>
<!-- Generated by org.testng.reporters.JUnitReportReporter -->
<<<<<<< HEAD
<testsuite skipped="0" hostname="EknathDhauskar" name="com.crm.qa.testcases.HomePageTest" tests="11" failures="0" timestamp="16 Feb 2019 12:16:49 GMT" time="180.403" errors="0">
  <testcase name="verifyHomePageTitleTest" time="14.882" classname="com.crm.qa.testcases.HomePageTest"/>
  <testcase name="verifyUserNameTest" time="14.543" classname="com.crm.qa.testcases.HomePageTest"/>
  <testcase name="verifyCalendarLinkTest" time="14.523" classname="com.crm.qa.testcases.HomePageTest"/>
  <testcase name="verifyCompaniesLinkTest" time="17.041" classname="com.crm.qa.testcases.HomePageTest"/>
  <testcase name="verifyContactsLinkTest" time="15.533" classname="com.crm.qa.testcases.HomePageTest"/>
  <testcase name="verifyDealsLinkTest" time="14.535" classname="com.crm.qa.testcases.HomePageTest"/>
  <testcase name="verifyTasksLinkTest" time="21.125" classname="com.crm.qa.testcases.HomePageTest"/>
  <testcase name="verifyCasesLinkTest" time="18.141" classname="com.crm.qa.testcases.HomePageTest"/>
  <testcase name="verifyCallsLinkTest" time="19.624" classname="com.crm.qa.testcases.HomePageTest"/>
  <testcase name="verifyDocsLinkTest" time="16.369" classname="com.crm.qa.testcases.HomePageTest"/>
  <testcase name="verifyFormsLinkTest" time="14.087" classname="com.crm.qa.testcases.HomePageTest"/>
=======
<testsuite skipped="0" hostname="EknathDhauskar" name="com.crm.qa.testcases.HomePageTest" tests="9" failures="0" timestamp="16 Feb 2019 09:50:23 GMT" time="466.639" errors="0">
  <testcase name="verifyUserNameTest" time="60.035" classname="com.crm.qa.testcases.HomePageTest"/>
  <testcase name="verifyContactsLinkTest" time="45.143" classname="com.crm.qa.testcases.HomePageTest"/>
  <testcase name="verifyCompaniesLinkTest" time="50.863" classname="com.crm.qa.testcases.HomePageTest"/>
  <testcase name="verifyDealsLinkTest" time="51.070" classname="com.crm.qa.testcases.HomePageTest"/>
  <testcase name="verifyTasksLinkTest" time="44.849" classname="com.crm.qa.testcases.HomePageTest"/>
  <testcase name="verifyCasesLinkTest" time="45.876" classname="com.crm.qa.testcases.HomePageTest"/>
  <testcase name="verifyCallsLinkTest" time="56.897" classname="com.crm.qa.testcases.HomePageTest"/>
  <testcase name="verifyDocumentsLinkTest" time="43.554" classname="com.crm.qa.testcases.HomePageTest"/>
  <testcase name="verifyCampaignsLinkTest" time="68.352" classname="com.crm.qa.testcases.HomePageTest"/>
>>>>>>> 32384e1eb98e4595a7a418b5e370d884034378d8
</testsuite> <!-- com.crm.qa.testcases.HomePageTest -->
