<?xml version="1.0" encoding="UTF-8"?>
<!-- Generated by org.testng.reporters.JUnitReportReporter -->
<testsuite skipped="0" hostname="EknathDhauskar" name="com.crm.qa.testcases.LoginPageTest" tests="3" failures="0" timestamp="16 Feb 2019 11:41:05 GMT" time="32.843" errors="0">
  <testcase name="loginPageTitleTest" time="8.628" classname="com.crm.qa.testcases.LoginPageTest"/>
  <testcase name="crmLogoImageTest" time="10.372" classname="com.crm.qa.testcases.LoginPageTest"/>
  <testcase name="loginTest" time="13.843" classname="com.crm.qa.testcases.LoginPageTest"/>
</testsuite> <!-- com.crm.qa.testcases.LoginPageTest -->
