<?xml version="1.0" encoding="UTF-8"?>
<!-- Generated by org.testng.reporters.JUnitReportReporter -->
<testsuite skipped="0" hostname="EknathDhauskar" name="com.crm.qa.testcases.CompaniesPageTest" tests="3" failures="0" timestamp="23 Feb 2019 12:40:46 GMT" time="101.937" errors="0">
  <testcase name="verifyCompaniesPageLabel" time="29.431" classname="com.crm.qa.testcases.CompaniesPageTest"/>
  <testcase name="validateCreateNewCompany" time="41.839" classname="com.crm.qa.testcases.CompaniesPageTest"/>
  <testcase name="validateCreateNewCompany" time="30.667" classname="com.crm.qa.testcases.CompaniesPageTest"/>
</testsuite> <!-- com.crm.qa.testcases.CompaniesPageTest -->
