<?xml version="1.0" encoding="UTF-8"?>
<!-- Generated by org.testng.reporters.JUnitReportReporter -->
<testsuite skipped="0" hostname="EknathDhauskar" name="com.crm.qa.testcases.DocsPageTest" tests="3" failures="0" timestamp="25 Mar 2019 09:19:43 GMT" time="118.796" errors="0">
  <testcase name="verifyDocsPageLabel" time="37.100" classname="com.crm.qa.testcases.DocsPageTest"/>
  <testcase name="validateCreateNewDocument" time="39.051" classname="com.crm.qa.testcases.DocsPageTest"/>
  <testcase name="validateCreateNewDocument" time="42.645" classname="com.crm.qa.testcases.DocsPageTest"/>
</testsuite> <!-- com.crm.qa.testcases.DocsPageTest -->
