<?xml version="1.0" encoding="UTF-8"?>
<!-- Generated by org.testng.reporters.JUnitReportReporter -->
<testsuite skipped="0" hostname="EknathDhauskar" name="com.crm.qa.testcases.CompaniesPageTest" tests="3" failures="0" timestamp="19 Mar 2019 06:42:56 GMT" time="118.097" errors="0">
  <testcase name="verifyCompaniesPageLabel" time="20.721" classname="com.crm.qa.testcases.CompaniesPageTest"/>
  <testcase name="validateCreateNewCompany" time="51.127" classname="com.crm.qa.testcases.CompaniesPageTest"/>
  <testcase name="validateCreateNewCompany" time="46.249" classname="com.crm.qa.testcases.CompaniesPageTest"/>
</testsuite> <!-- com.crm.qa.testcases.CompaniesPageTest -->
