<?xml version="1.0" encoding="UTF-8"?>
<!-- Generated by org.testng.reporters.JUnitReportReporter -->
<testsuite skipped="0" hostname="EknathDhauskar" name="com.crm.qa.testcases.MultiDocUploadPageTest" tests="2" failures="0" timestamp="27 Mar 2019 12:56:41 GMT" time="139.522" errors="0">
  <testcase name="validateUploadMultipleFiles" time="70.491" classname="com.crm.qa.testcases.MultiDocUploadPageTest"/>
  <testcase name="validateUploadMultipleFiles" time="69.031" classname="com.crm.qa.testcases.MultiDocUploadPageTest"/>
</testsuite> <!-- com.crm.qa.testcases.MultiDocUploadPageTest -->
