<?xml version="1.0" encoding="UTF-8"?>
<!-- Generated by org.testng.reporters.JUnitReportReporter -->
<testsuite skipped="0" hostname="EknathDhauskar" name="com.crm.qa.testcases.LoginPageTest" tests="3" failures="0" timestamp="27 Mar 2019 13:04:34 GMT" time="36.728" errors="0">
  <testcase name="loginPageTitleTest" time="11.647" classname="com.crm.qa.testcases.LoginPageTest"/>
  <testcase name="crmLogoImageTest" time="10.221" classname="com.crm.qa.testcases.LoginPageTest"/>
  <testcase name="loginTest" time="14.860" classname="com.crm.qa.testcases.LoginPageTest"/>
</testsuite> <!-- com.crm.qa.testcases.LoginPageTest -->
