<?xml version="1.0" encoding="UTF-8"?>
<!-- Generated by org.testng.reporters.JUnitReportReporter -->
<testsuite skipped="0" hostname="EknathDhauskar" name="com.crm.qa.testcases.HomePageTest" tests="11" failures="0" timestamp="27 Mar 2019 13:04:34 GMT" time="185.491" errors="0">
  <testcase name="verifyHomePageTitleTest" time="17.415" classname="com.crm.qa.testcases.HomePageTest"/>
  <testcase name="verifyUserNameTest" time="17.662" classname="com.crm.qa.testcases.HomePageTest"/>
  <testcase name="verifyCalendarLinkTest" time="15.887" classname="com.crm.qa.testcases.HomePageTest"/>
  <testcase name="verifyCompaniesLinkTest" time="16.364" classname="com.crm.qa.testcases.HomePageTest"/>
  <testcase name="verifyContactsLinkTest" time="17.117" classname="com.crm.qa.testcases.HomePageTest"/>
  <testcase name="verifyDealsLinkTest" time="16.846" classname="com.crm.qa.testcases.HomePageTest"/>
  <testcase name="verifyTasksLinkTest" time="16.346" classname="com.crm.qa.testcases.HomePageTest"/>
  <testcase name="verifyCasesLinkTest" time="16.582" classname="com.crm.qa.testcases.HomePageTest"/>
  <testcase name="verifyCallsLinkTest" time="15.808" classname="com.crm.qa.testcases.HomePageTest"/>
  <testcase name="verifyDocsLinkTest" time="16.124" classname="com.crm.qa.testcases.HomePageTest"/>
  <testcase name="verifyFormsLinkTest" time="19.340" classname="com.crm.qa.testcases.HomePageTest"/>
</testsuite> <!-- com.crm.qa.testcases.HomePageTest -->
