<?xml version="1.0" encoding="UTF-8"?>
<!-- Generated by org.testng.reporters.JUnitReportReporter -->
<testsuite skipped="0" hostname="EknathDhauskar" name="com.crm.qa.testcases.HomePageTest" tests="11" failures="0" timestamp="23 Feb 2019 12:32:14 GMT" time="267.050" errors="0">
  <testcase name="verifyHomePageTitleTest" time="26.322" classname="com.crm.qa.testcases.HomePageTest"/>
  <testcase name="verifyUserNameTest" time="24.560" classname="com.crm.qa.testcases.HomePageTest"/>
  <testcase name="verifyCalendarLinkTest" time="23.338" classname="com.crm.qa.testcases.HomePageTest"/>
  <testcase name="verifyCompaniesLinkTest" time="25.196" classname="com.crm.qa.testcases.HomePageTest"/>
  <testcase name="verifyContactsLinkTest" time="19.641" classname="com.crm.qa.testcases.HomePageTest"/>
  <testcase name="verifyDealsLinkTest" time="29.733" classname="com.crm.qa.testcases.HomePageTest"/>
  <testcase name="verifyTasksLinkTest" time="22.861" classname="com.crm.qa.testcases.HomePageTest"/>
  <testcase name="verifyCasesLinkTest" time="24.248" classname="com.crm.qa.testcases.HomePageTest"/>
  <testcase name="verifyCallsLinkTest" time="24.747" classname="com.crm.qa.testcases.HomePageTest"/>
  <testcase name="verifyDocsLinkTest" time="22.004" classname="com.crm.qa.testcases.HomePageTest"/>
  <testcase name="verifyFormsLinkTest" time="24.400" classname="com.crm.qa.testcases.HomePageTest"/>
</testsuite> <!-- com.crm.qa.testcases.HomePageTest -->
