<?xml version="1.0" encoding="UTF-8"?>
<!-- Generated by org.testng.reporters.JUnitReportReporter -->
<testsuite skipped="0" hostname="EknathDhauskar" name="com.crm.qa.testcases.DealsPageTest" tests="1" failures="0" timestamp="27 Mar 2019 12:56:41 GMT" time="16.276" errors="0">
  <testcase name="verifyDealsPageLabel" time="16.276" classname="com.crm.qa.testcases.DealsPageTest"/>
</testsuite> <!-- com.crm.qa.testcases.DealsPageTest -->
