<?xml version="1.0" encoding="UTF-8"?>
<!-- Generated by org.testng.reporters.JUnitReportReporter -->
<testsuite skipped="0" hostname="EknathDhauskar" name="com.crm.qa.testcases.DealsPageTest" tests="3" failures="0" timestamp="23 Feb 2019 13:53:47 GMT" time="94.363" errors="0">
  <testcase name="verifyDealsPageLabel" time="35.519" classname="com.crm.qa.testcases.DealsPageTest"/>
  <testcase name="validateCreateNewDeal" time="29.242" classname="com.crm.qa.testcases.DealsPageTest"/>
  <testcase name="validateCreateNewDeal" time="29.602" classname="com.crm.qa.testcases.DealsPageTest"/>
</testsuite> <!-- com.crm.qa.testcases.DealsPageTest -->
