<?xml version="1.0" encoding="UTF-8"?>
<!-- Generated by org.testng.reporters.JUnitReportReporter -->
<testsuite skipped="0" hostname="EknathDhauskar" name="com.crm.qa.testcases.HomePageTest" tests="9" failures="0" timestamp="16 Feb 2019 09:50:23 GMT" time="466.639" errors="0">
  <testcase name="verifyUserNameTest" time="60.035" classname="com.crm.qa.testcases.HomePageTest"/>
  <testcase name="verifyContactsLinkTest" time="45.143" classname="com.crm.qa.testcases.HomePageTest"/>
  <testcase name="verifyCompaniesLinkTest" time="50.863" classname="com.crm.qa.testcases.HomePageTest"/>
  <testcase name="verifyDealsLinkTest" time="51.070" classname="com.crm.qa.testcases.HomePageTest"/>
  <testcase name="verifyTasksLinkTest" time="44.849" classname="com.crm.qa.testcases.HomePageTest"/>
  <testcase name="verifyCasesLinkTest" time="45.876" classname="com.crm.qa.testcases.HomePageTest"/>
  <testcase name="verifyCallsLinkTest" time="56.897" classname="com.crm.qa.testcases.HomePageTest"/>
  <testcase name="verifyDocumentsLinkTest" time="43.554" classname="com.crm.qa.testcases.HomePageTest"/>
  <testcase name="verifyCampaignsLinkTest" time="68.352" classname="com.crm.qa.testcases.HomePageTest"/>
</testsuite> <!-- com.crm.qa.testcases.HomePageTest -->
