<?xml version="1.0" encoding="UTF-8"?>
<!-- Generated by org.testng.reporters.JUnitReportReporter -->
<testsuite skipped="0" hostname="EknathDhauskar" name="com.crm.qa.testcases.FormsPageTest" tests="3" failures="0" timestamp="27 Mar 2019 12:21:42 GMT" time="118.896" errors="0">
  <testcase name="verifyFeedbackFormsLabel" time="40.425" classname="com.crm.qa.testcases.FormsPageTest"/>
  <testcase name="validateCreateNewFeedbackForm" time="34.032" classname="com.crm.qa.testcases.FormsPageTest"/>
  <testcase name="validateCreateNewFeedbackForm" time="44.439" classname="com.crm.qa.testcases.FormsPageTest"/>
</testsuite> <!-- com.crm.qa.testcases.FormsPageTest -->
