<?xml version="1.0" encoding="UTF-8"?>
<!-- Generated by org.testng.reporters.JUnitReportReporter -->
<testsuite skipped="0" hostname="EknathDhauskar" name="com.crm.qa.testcases.LoginPageTest" tests="3" failures="0" timestamp="26 Jan 2019 10:55:16 GMT" time="64.625" errors="0">
  <testcase name="loginPageTitleTest" time="12.671" classname="com.crm.qa.testcases.LoginPageTest"/>
  <testcase name="crmLogoImageTest" time="29.927" classname="com.crm.qa.testcases.LoginPageTest"/>
  <testcase name="loginTest" time="22.027" classname="com.crm.qa.testcases.LoginPageTest"/>
</testsuite> <!-- com.crm.qa.testcases.LoginPageTest -->
