<?xml version="1.0" encoding="UTF-8"?>
<!-- Generated by org.testng.reporters.JUnitReportReporter -->
<testsuite skipped="0" hostname="EknathDhauskar" name="com.crm.qa.testcases.WordMergeTemplatePageTest" tests="2" failures="0" timestamp="26 Mar 2019 10:58:16 GMT" time="82.264" errors="0">
  <testcase name="validateCreateNewWordMergeTemplate" time="38.661" classname="com.crm.qa.testcases.WordMergeTemplatePageTest"/>
  <testcase name="validateCreateNewWordMergeTemplate" time="43.603" classname="com.crm.qa.testcases.WordMergeTemplatePageTest"/>
</testsuite> <!-- com.crm.qa.testcases.WordMergeTemplatePageTest -->
