<?xml version="1.0" encoding="UTF-8"?>
<!-- Generated by org.testng.reporters.JUnitReportReporter -->
<testsuite skipped="0" hostname="EknathDhauskar" name="com.crm.qa.testcases.AlertsPageTest" tests="3" failures="0" timestamp="01 Apr 2019 13:15:28 GMT" time="88.638" errors="0">
  <testcase name="verifyAlertsPageLabel" time="43.179" classname="com.crm.qa.testcases.AlertsPageTest"/>
  <testcase name="validateCreateNewAlert" time="25.356" classname="com.crm.qa.testcases.AlertsPageTest"/>
  <testcase name="validateCreateNewAlert" time="20.103" classname="com.crm.qa.testcases.AlertsPageTest"/>
</testsuite> <!-- com.crm.qa.testcases.AlertsPageTest -->
