<?xml version="1.0" encoding="UTF-8"?>
<!-- Generated by org.testng.reporters.JUnitReportReporter -->
<testsuite skipped="0" hostname="EknathDhauskar" name="com.crm.qa.testcases.HomePageTest" tests="1" failures="0" timestamp="23 Feb 2019 09:42:54 GMT" time="22.459" errors="0">
  <testcase name="verifyHomePageTitleTest" time="22.459" classname="com.crm.qa.testcases.HomePageTest"/>
</testsuite> <!-- com.crm.qa.testcases.HomePageTest -->
