<?xml version="1.0" encoding="UTF-8"?>
<!-- Generated by org.testng.reporters.JUnitReportReporter -->
<testsuite skipped="0" hostname="EknathDhauskar" name="com.crm.qa.testcases.HomePageTest" tests="1" failures="0" timestamp="26 Jan 2019 11:20:27 GMT" time="34.321" errors="0">
  <testcase name="verifyHomePageTitleTest" time="34.321" classname="com.crm.qa.testcases.HomePageTest"/>
</testsuite> <!-- com.crm.qa.testcases.HomePageTest -->
