<?xml version="1.0" encoding="UTF-8"?>
<!-- Generated by org.testng.reporters.JUnitReportReporter -->
<testsuite skipped="0" hostname="EknathDhauskar" name="com.crm.qa.testcases.ContactsPageTest" tests="1" failures="0" timestamp="04 Feb 2019 11:56:12 GMT" time="80.609" errors="0">
  <testcase name="verifyContactsPageLabel" time="80.609" classname="com.crm.qa.testcases.ContactsPageTest"/>
</testsuite> <!-- com.crm.qa.testcases.ContactsPageTest -->
