<?xml version="1.0" encoding="UTF-8"?>
<!-- Generated by org.testng.reporters.JUnitReportReporter -->
<testsuite skipped="0" hostname="EknathDhauskar" name="com.crm.qa.testcases.HomePageTest" tests="1" failures="0" timestamp="04 Feb 2019 11:56:12 GMT" time="35.282" errors="0">
  <testcase name="verifyHomePageTitleTest" time="35.282" classname="com.crm.qa.testcases.HomePageTest"/>
</testsuite> <!-- com.crm.qa.testcases.HomePageTest -->
